==531== Memcheck, a memory error detector
==531== Copyright (C) 2002-2017, and GNU GPL'd, by Julian Seward et al.
==531== Using Valgrind-3.13.0 and LibVEX; rerun with -h for copyright info
==531== Command: ./hw17 inputs/test1.txt
==531== Parent PID: 530
==531== 
--531-- 
--531-- Valgrind options:
--531--    --tool=memcheck
--531--    --verbose
--531--    --log-file=./valgrind1.log
--531-- Contents of /proc/version:
--531--   Linux version 4.4.0-17763-Microsoft (Microsoft@Microsoft.com) (gcc version 5.4.0 (GCC) ) #55-Microsoft Sat Oct 06 18:05:00 PST 2018
--531-- 
--531-- Arch and hwcaps: AMD64, LittleEndian, amd64-cx16-lzcnt-rdtscp-sse3-avx-avx2-bmi
--531-- Page sizes: currently 4096, max supported 4096
--531-- Valgrind library directory: /usr/lib/valgrind
--531-- Reading syms from /mnt/c/Users/Desktop/Documents/GitHub/Solutions/HW17/hw17
--531-- Reading syms from /lib/x86_64-linux-gnu/ld-2.27.so
--531--   Considering /lib/x86_64-linux-gnu/ld-2.27.so ..
--531--   .. CRC mismatch (computed 1b7c895e wanted 2943108a)
--531--   Considering /usr/lib/debug/lib/x86_64-linux-gnu/ld-2.27.so ..
--531--   .. CRC is valid
--531-- Reading syms from /usr/lib/valgrind/memcheck-amd64-linux
--531--   Considering /usr/lib/valgrind/memcheck-amd64-linux ..
--531--   .. CRC mismatch (computed c25f395c wanted 0a9602a8)
--531--    object doesn't have a symbol table
--531--    object doesn't have a dynamic symbol table
--531-- Scheduler: using generic scheduler lock implementation.
--531-- Reading suppressions file: /usr/lib/valgrind/default.supp
==531== embedded gdbserver: reading from /tmp/vgdb-pipe-from-vgdb-to-531-by-benjiang-on-???
==531== embedded gdbserver: writing to   /tmp/vgdb-pipe-to-vgdb-from-531-by-benjiang-on-???
==531== embedded gdbserver: shared mem   /tmp/vgdb-pipe-shared-mem-vgdb-531-by-benjiang-on-???
==531== 
==531== TO CONTROL THIS PROCESS USING vgdb (which you probably
==531== don't want to do, unless you know exactly what you're doing,
==531== or are doing some strange experiment):
==531==   /usr/lib/valgrind/../../bin/vgdb --pid=531 ...command...
==531== 
==531== TO DEBUG THIS PROCESS USING GDB: start GDB like this
==531==   /path/to/gdb ./hw17
==531== and then give GDB the following command
==531==   target remote | /usr/lib/valgrind/../../bin/vgdb --pid=531
==531== --pid is optional if only one valgrind process is running
==531== 
==531== error calling PR_SET_PTRACER, vgdb might block
--531-- REDIR: 0x401f2f0 (ld-linux-x86-64.so.2:strlen) redirected to 0x58060901 (???)
--531-- REDIR: 0x401f0d0 (ld-linux-x86-64.so.2:index) redirected to 0x5806091b (???)
--531-- Reading syms from /usr/lib/valgrind/vgpreload_core-amd64-linux.so
--531--   Considering /usr/lib/valgrind/vgpreload_core-amd64-linux.so ..
--531--   .. CRC mismatch (computed 4b63d83e wanted 670599e6)
--531--    object doesn't have a symbol table
--531-- Reading syms from /usr/lib/valgrind/vgpreload_memcheck-amd64-linux.so
--531--   Considering /usr/lib/valgrind/vgpreload_memcheck-amd64-linux.so ..
--531--   .. CRC mismatch (computed a4b37bee wanted 8ad4dc94)
--531--    object doesn't have a symbol table
==531== WARNING: new redirection conflicts with existing -- ignoring it
--531--     old: 0x0401f2f0 (strlen              ) R-> (0000.0) 0x58060901 ???
--531--     new: 0x0401f2f0 (strlen              ) R-> (2007.0) 0x04c32db0 strlen
--531-- REDIR: 0x401d360 (ld-linux-x86-64.so.2:strcmp) redirected to 0x4c33ee0 (strcmp)
--531-- REDIR: 0x401f830 (ld-linux-x86-64.so.2:mempcpy) redirected to 0x4c374f0 (mempcpy)
--531-- Reading syms from /lib/x86_64-linux-gnu/libc-2.27.so
--531--   Considering /lib/x86_64-linux-gnu/libc-2.27.so ..
--531--   .. CRC mismatch (computed b1c74187 wanted 042cc048)
--531--   Considering /usr/lib/debug/lib/x86_64-linux-gnu/libc-2.27.so ..
--531--   .. CRC is valid
--531-- REDIR: 0x4edac70 (libc.so.6:memmove) redirected to 0x4a2a6e0 (_vgnU_ifunc_wrapper)
--531-- REDIR: 0x4ed9d40 (libc.so.6:strncpy) redirected to 0x4a2a6e0 (_vgnU_ifunc_wrapper)
--531-- REDIR: 0x4edaf50 (libc.so.6:strcasecmp) redirected to 0x4a2a6e0 (_vgnU_ifunc_wrapper)
--531-- REDIR: 0x4ed9790 (libc.so.6:strcat) redirected to 0x4a2a6e0 (_vgnU_ifunc_wrapper)
--531-- REDIR: 0x4ed9d70 (libc.so.6:rindex) redirected to 0x4a2a6e0 (_vgnU_ifunc_wrapper)
--531-- REDIR: 0x4edc7c0 (libc.so.6:rawmemchr) redirected to 0x4a2a6e0 (_vgnU_ifunc_wrapper)
--531-- REDIR: 0x4edade0 (libc.so.6:mempcpy) redirected to 0x4a2a6e0 (_vgnU_ifunc_wrapper)
--531-- REDIR: 0x4edac10 (libc.so.6:bcmp) redirected to 0x4a2a6e0 (_vgnU_ifunc_wrapper)
--531-- REDIR: 0x4ed9d00 (libc.so.6:strncmp) redirected to 0x4a2a6e0 (_vgnU_ifunc_wrapper)
--531-- REDIR: 0x4ed9800 (libc.so.6:strcmp) redirected to 0x4a2a6e0 (_vgnU_ifunc_wrapper)
--531-- REDIR: 0x4edad40 (libc.so.6:memset) redirected to 0x4a2a6e0 (_vgnU_ifunc_wrapper)
--531-- REDIR: 0x4ef80f0 (libc.so.6:wcschr) redirected to 0x4a2a6e0 (_vgnU_ifunc_wrapper)
--531-- REDIR: 0x4ed9ca0 (libc.so.6:strnlen) redirected to 0x4a2a6e0 (_vgnU_ifunc_wrapper)
--531-- REDIR: 0x4ed9870 (libc.so.6:strcspn) redirected to 0x4a2a6e0 (_vgnU_ifunc_wrapper)
--531-- REDIR: 0x4edafa0 (libc.so.6:strncasecmp) redirected to 0x4a2a6e0 (_vgnU_ifunc_wrapper)
--531-- REDIR: 0x4ed9840 (libc.so.6:strcpy) redirected to 0x4a2a6e0 (_vgnU_ifunc_wrapper)
--531-- REDIR: 0x4edb0e0 (libc.so.6:memcpy@@GLIBC_2.14) redirected to 0x4a2a6e0 (_vgnU_ifunc_wrapper)
--531-- REDIR: 0x4ed9da0 (libc.so.6:strpbrk) redirected to 0x4a2a6e0 (_vgnU_ifunc_wrapper)
--531-- REDIR: 0x4ed97c0 (libc.so.6:index) redirected to 0x4a2a6e0 (_vgnU_ifunc_wrapper)
--531-- REDIR: 0x4ed9c70 (libc.so.6:strlen) redirected to 0x4a2a6e0 (_vgnU_ifunc_wrapper)
--531-- REDIR: 0x4ee46c0 (libc.so.6:memrchr) redirected to 0x4a2a6e0 (_vgnU_ifunc_wrapper)
--531-- REDIR: 0x4edaff0 (libc.so.6:strcasecmp_l) redirected to 0x4a2a6e0 (_vgnU_ifunc_wrapper)
--531-- REDIR: 0x4edabe0 (libc.so.6:memchr) redirected to 0x4a2a6e0 (_vgnU_ifunc_wrapper)
--531-- REDIR: 0x4ef8eb0 (libc.so.6:wcslen) redirected to 0x4a2a6e0 (_vgnU_ifunc_wrapper)
--531-- REDIR: 0x4eda050 (libc.so.6:strspn) redirected to 0x4a2a6e0 (_vgnU_ifunc_wrapper)
--531-- REDIR: 0x4edaf20 (libc.so.6:stpncpy) redirected to 0x4a2a6e0 (_vgnU_ifunc_wrapper)
--531-- REDIR: 0x4edaef0 (libc.so.6:stpcpy) redirected to 0x4a2a6e0 (_vgnU_ifunc_wrapper)
--531-- REDIR: 0x4edc7f0 (libc.so.6:strchrnul) redirected to 0x4a2a6e0 (_vgnU_ifunc_wrapper)
--531-- REDIR: 0x4edb040 (libc.so.6:strncasecmp_l) redirected to 0x4a2a6e0 (_vgnU_ifunc_wrapper)
--531-- REDIR: 0x4fca3c0 (libc.so.6:__strrchr_avx2) redirected to 0x4c32730 (rindex)
--531-- REDIR: 0x4ed3070 (libc.so.6:malloc) redirected to 0x4c2faa0 (malloc)
--531-- REDIR: 0x4eda590 (libc.so.6:__GI_strstr) redirected to 0x4c37760 (__strstr_sse2)
--531-- REDIR: 0x4ed3950 (libc.so.6:free) redirected to 0x4c30cd0 (free)
==531== Invalid read of size 4
==531==    at 0x108DC9: CreateBST (bst.c:118)
==531==    by 0x108E21: CreateBST (bst.c:125)
==531==    by 0x108A7D: main (main.c:61)
==531==  Address 0x522d508 is 0 bytes after a block of size 24 alloc'd
==531==    at 0x4C2FB0F: malloc (in /usr/lib/valgrind/vgpreload_memcheck-amd64-linux.so)
==531==    by 0x1089B8: main (main.c:36)
==531== 
==531== Invalid read of size 4
==531==    at 0x108DC9: CreateBST (bst.c:118)
==531==    by 0x108DFA: CreateBST (bst.c:123)
==531==    by 0x108E21: CreateBST (bst.c:125)
==531==    by 0x108A7D: main (main.c:61)
==531==  Address 0x522d508 is 0 bytes after a block of size 24 alloc'd
==531==    at 0x4C2FB0F: malloc (in /usr/lib/valgrind/vgpreload_memcheck-amd64-linux.so)
==531==    by 0x1089B8: main (main.c:36)
==531== 
==531== Invalid read of size 4
==531==    at 0x108D6F: CreateBST (bst.c:110)
==531==    by 0x108DFA: CreateBST (bst.c:123)
==531==    by 0x108DFA: CreateBST (bst.c:123)
==531==    by 0x108E21: CreateBST (bst.c:125)
==531==    by 0x108A7D: main (main.c:61)
==531==  Address 0x522d508 is 0 bytes after a block of size 24 alloc'd
==531==    at 0x4C2FB0F: malloc (in /usr/lib/valgrind/vgpreload_memcheck-amd64-linux.so)
==531==    by 0x1089B8: main (main.c:36)
==531== 
==531== Invalid read of size 4
==531==    at 0x108DC9: CreateBST (bst.c:118)
==531==    by 0x108DFA: CreateBST (bst.c:123)
==531==    by 0x108DFA: CreateBST (bst.c:123)
==531==    by 0x108E21: CreateBST (bst.c:125)
==531==    by 0x108A7D: main (main.c:61)
==531==  Address 0x522d50c is 4 bytes after a block of size 24 alloc'd
==531==    at 0x4C2FB0F: malloc (in /usr/lib/valgrind/vgpreload_memcheck-amd64-linux.so)
==531==    by 0x1089B8: main (main.c:36)
==531== 
==531== Invalid read of size 4
==531==    at 0x108D6F: CreateBST (bst.c:110)
==531==    by 0x108E21: CreateBST (bst.c:125)
==531==    by 0x108DFA: CreateBST (bst.c:123)
==531==    by 0x108E21: CreateBST (bst.c:125)
==531==    by 0x108A7D: main (main.c:61)
==531==  Address 0x522d514 is 12 bytes after a block of size 24 alloc'd
==531==    at 0x4C2FB0F: malloc (in /usr/lib/valgrind/vgpreload_memcheck-amd64-linux.so)
==531==    by 0x1089B8: main (main.c:36)
==531== 
==531== Invalid read of size 4
==531==    at 0x108DC9: CreateBST (bst.c:118)
==531==    by 0x108E21: CreateBST (bst.c:125)
==531==    by 0x108DFA: CreateBST (bst.c:123)
==531==    by 0x108E21: CreateBST (bst.c:125)
==531==    by 0x108A7D: main (main.c:61)
==531==  Address 0x522d518 is 16 bytes after a block of size 24 alloc'd
==531==    at 0x4C2FB0F: malloc (in /usr/lib/valgrind/vgpreload_memcheck-amd64-linux.so)
==531==    by 0x1089B8: main (main.c:36)
==531== 
--531-- REDIR: 0x4fca1d0 (libc.so.6:__strchrnul_avx2) redirected to 0x4c37020 (strchrnul)
--531-- REDIR: 0x4fcaab0 (libc.so.6:__mempcpy_avx_unaligned_erms) redirected to 0x4c37130 (mempcpy)
==531== 
==531== HEAP SUMMARY:
==531==     in use at exit: 0 bytes in 0 blocks
==531==   total heap usage: 12 allocs, 12 frees, 1,792 bytes allocated
==531== 
==531== All heap blocks were freed -- no leaks are possible
==531== 
==531== ERROR SUMMARY: 14 errors from 6 contexts (suppressed: 0 from 0)
==531== 
==531== 1 errors in context 1 of 6:
==531== Invalid read of size 4
==531==    at 0x108DC9: CreateBST (bst.c:118)
==531==    by 0x108E21: CreateBST (bst.c:125)
==531==    by 0x108DFA: CreateBST (bst.c:123)
==531==    by 0x108E21: CreateBST (bst.c:125)
==531==    by 0x108A7D: main (main.c:61)
==531==  Address 0x522d518 is 16 bytes after a block of size 24 alloc'd
==531==    at 0x4C2FB0F: malloc (in /usr/lib/valgrind/vgpreload_memcheck-amd64-linux.so)
==531==    by 0x1089B8: main (main.c:36)
==531== 
==531== 
==531== 1 errors in context 2 of 6:
==531== Invalid read of size 4
==531==    at 0x108D6F: CreateBST (bst.c:110)
==531==    by 0x108E21: CreateBST (bst.c:125)
==531==    by 0x108DFA: CreateBST (bst.c:123)
==531==    by 0x108E21: CreateBST (bst.c:125)
==531==    by 0x108A7D: main (main.c:61)
==531==  Address 0x522d514 is 12 bytes after a block of size 24 alloc'd
==531==    at 0x4C2FB0F: malloc (in /usr/lib/valgrind/vgpreload_memcheck-amd64-linux.so)
==531==    by 0x1089B8: main (main.c:36)
==531== 
==531== 
==531== 1 errors in context 3 of 6:
==531== Invalid read of size 4
==531==    at 0x108DC9: CreateBST (bst.c:118)
==531==    by 0x108DFA: CreateBST (bst.c:123)
==531==    by 0x108DFA: CreateBST (bst.c:123)
==531==    by 0x108E21: CreateBST (bst.c:125)
==531==    by 0x108A7D: main (main.c:61)
==531==  Address 0x522d50c is 4 bytes after a block of size 24 alloc'd
==531==    at 0x4C2FB0F: malloc (in /usr/lib/valgrind/vgpreload_memcheck-amd64-linux.so)
==531==    by 0x1089B8: main (main.c:36)
==531== 
==531== 
==531== 1 errors in context 4 of 6:
==531== Invalid read of size 4
==531==    at 0x108D6F: CreateBST (bst.c:110)
==531==    by 0x108DFA: CreateBST (bst.c:123)
==531==    by 0x108DFA: CreateBST (bst.c:123)
==531==    by 0x108E21: CreateBST (bst.c:125)
==531==    by 0x108A7D: main (main.c:61)
==531==  Address 0x522d508 is 0 bytes after a block of size 24 alloc'd
==531==    at 0x4C2FB0F: malloc (in /usr/lib/valgrind/vgpreload_memcheck-amd64-linux.so)
==531==    by 0x1089B8: main (main.c:36)
==531== 
==531== 
==531== 4 errors in context 5 of 6:
==531== Invalid read of size 4
==531==    at 0x108DC9: CreateBST (bst.c:118)
==531==    by 0x108DFA: CreateBST (bst.c:123)
==531==    by 0x108E21: CreateBST (bst.c:125)
==531==    by 0x108A7D: main (main.c:61)
==531==  Address 0x522d508 is 0 bytes after a block of size 24 alloc'd
==531==    at 0x4C2FB0F: malloc (in /usr/lib/valgrind/vgpreload_memcheck-amd64-linux.so)
==531==    by 0x1089B8: main (main.c:36)
==531== 
==531== 
==531== 6 errors in context 6 of 6:
==531== Invalid read of size 4
==531==    at 0x108DC9: CreateBST (bst.c:118)
==531==    by 0x108E21: CreateBST (bst.c:125)
==531==    by 0x108A7D: main (main.c:61)
==531==  Address 0x522d508 is 0 bytes after a block of size 24 alloc'd
==531==    at 0x4C2FB0F: malloc (in /usr/lib/valgrind/vgpreload_memcheck-amd64-linux.so)
==531==    by 0x1089B8: main (main.c:36)
==531== 
==531== ERROR SUMMARY: 14 errors from 6 contexts (suppressed: 0 from 0)
