==537== Memcheck, a memory error detector
==537== Copyright (C) 2002-2017, and GNU GPL'd, by Julian Seward et al.
==537== Using Valgrind-3.13.0 and LibVEX; rerun with -h for copyright info
==537== Command: ./hw17 inputs/test4.txt
==537== Parent PID: 536
==537== 
--537-- 
--537-- Valgrind options:
--537--    --tool=memcheck
--537--    --verbose
--537--    --log-file=./valgrind4.log
--537-- Contents of /proc/version:
--537--   Linux version 4.4.0-17763-Microsoft (Microsoft@Microsoft.com) (gcc version 5.4.0 (GCC) ) #55-Microsoft Sat Oct 06 18:05:00 PST 2018
--537-- 
--537-- Arch and hwcaps: AMD64, LittleEndian, amd64-cx16-lzcnt-rdtscp-sse3-avx-avx2-bmi
--537-- Page sizes: currently 4096, max supported 4096
--537-- Valgrind library directory: /usr/lib/valgrind
--537-- Reading syms from /mnt/c/Users/Desktop/Documents/GitHub/Solutions/HW17/hw17
--537-- Reading syms from /lib/x86_64-linux-gnu/ld-2.27.so
--537--   Considering /lib/x86_64-linux-gnu/ld-2.27.so ..
--537--   .. CRC mismatch (computed 1b7c895e wanted 2943108a)
--537--   Considering /usr/lib/debug/lib/x86_64-linux-gnu/ld-2.27.so ..
--537--   .. CRC is valid
--537-- Reading syms from /usr/lib/valgrind/memcheck-amd64-linux
--537--   Considering /usr/lib/valgrind/memcheck-amd64-linux ..
--537--   .. CRC mismatch (computed c25f395c wanted 0a9602a8)
--537--    object doesn't have a symbol table
--537--    object doesn't have a dynamic symbol table
--537-- Scheduler: using generic scheduler lock implementation.
--537-- Reading suppressions file: /usr/lib/valgrind/default.supp
==537== embedded gdbserver: reading from /tmp/vgdb-pipe-from-vgdb-to-537-by-benjiang-on-???
==537== embedded gdbserver: writing to   /tmp/vgdb-pipe-to-vgdb-from-537-by-benjiang-on-???
==537== embedded gdbserver: shared mem   /tmp/vgdb-pipe-shared-mem-vgdb-537-by-benjiang-on-???
==537== 
==537== TO CONTROL THIS PROCESS USING vgdb (which you probably
==537== don't want to do, unless you know exactly what you're doing,
==537== or are doing some strange experiment):
==537==   /usr/lib/valgrind/../../bin/vgdb --pid=537 ...command...
==537== 
==537== TO DEBUG THIS PROCESS USING GDB: start GDB like this
==537==   /path/to/gdb ./hw17
==537== and then give GDB the following command
==537==   target remote | /usr/lib/valgrind/../../bin/vgdb --pid=537
==537== --pid is optional if only one valgrind process is running
==537== 
==537== error calling PR_SET_PTRACER, vgdb might block
--537-- REDIR: 0x401f2f0 (ld-linux-x86-64.so.2:strlen) redirected to 0x58060901 (???)
--537-- REDIR: 0x401f0d0 (ld-linux-x86-64.so.2:index) redirected to 0x5806091b (???)
--537-- Reading syms from /usr/lib/valgrind/vgpreload_core-amd64-linux.so
--537--   Considering /usr/lib/valgrind/vgpreload_core-amd64-linux.so ..
--537--   .. CRC mismatch (computed 4b63d83e wanted 670599e6)
--537--    object doesn't have a symbol table
--537-- Reading syms from /usr/lib/valgrind/vgpreload_memcheck-amd64-linux.so
--537--   Considering /usr/lib/valgrind/vgpreload_memcheck-amd64-linux.so ..
--537--   .. CRC mismatch (computed a4b37bee wanted 8ad4dc94)
--537--    object doesn't have a symbol table
==537== WARNING: new redirection conflicts with existing -- ignoring it
--537--     old: 0x0401f2f0 (strlen              ) R-> (0000.0) 0x58060901 ???
--537--     new: 0x0401f2f0 (strlen              ) R-> (2007.0) 0x04c32db0 strlen
--537-- REDIR: 0x401d360 (ld-linux-x86-64.so.2:strcmp) redirected to 0x4c33ee0 (strcmp)
--537-- REDIR: 0x401f830 (ld-linux-x86-64.so.2:mempcpy) redirected to 0x4c374f0 (mempcpy)
--537-- Reading syms from /lib/x86_64-linux-gnu/libc-2.27.so
--537--   Considering /lib/x86_64-linux-gnu/libc-2.27.so ..
--537--   .. CRC mismatch (computed b1c74187 wanted 042cc048)
--537--   Considering /usr/lib/debug/lib/x86_64-linux-gnu/libc-2.27.so ..
--537--   .. CRC is valid
--537-- REDIR: 0x4edac70 (libc.so.6:memmove) redirected to 0x4a2a6e0 (_vgnU_ifunc_wrapper)
--537-- REDIR: 0x4ed9d40 (libc.so.6:strncpy) redirected to 0x4a2a6e0 (_vgnU_ifunc_wrapper)
--537-- REDIR: 0x4edaf50 (libc.so.6:strcasecmp) redirected to 0x4a2a6e0 (_vgnU_ifunc_wrapper)
--537-- REDIR: 0x4ed9790 (libc.so.6:strcat) redirected to 0x4a2a6e0 (_vgnU_ifunc_wrapper)
--537-- REDIR: 0x4ed9d70 (libc.so.6:rindex) redirected to 0x4a2a6e0 (_vgnU_ifunc_wrapper)
--537-- REDIR: 0x4edc7c0 (libc.so.6:rawmemchr) redirected to 0x4a2a6e0 (_vgnU_ifunc_wrapper)
--537-- REDIR: 0x4edade0 (libc.so.6:mempcpy) redirected to 0x4a2a6e0 (_vgnU_ifunc_wrapper)
--537-- REDIR: 0x4edac10 (libc.so.6:bcmp) redirected to 0x4a2a6e0 (_vgnU_ifunc_wrapper)
--537-- REDIR: 0x4ed9d00 (libc.so.6:strncmp) redirected to 0x4a2a6e0 (_vgnU_ifunc_wrapper)
--537-- REDIR: 0x4ed9800 (libc.so.6:strcmp) redirected to 0x4a2a6e0 (_vgnU_ifunc_wrapper)
--537-- REDIR: 0x4edad40 (libc.so.6:memset) redirected to 0x4a2a6e0 (_vgnU_ifunc_wrapper)
--537-- REDIR: 0x4ef80f0 (libc.so.6:wcschr) redirected to 0x4a2a6e0 (_vgnU_ifunc_wrapper)
--537-- REDIR: 0x4ed9ca0 (libc.so.6:strnlen) redirected to 0x4a2a6e0 (_vgnU_ifunc_wrapper)
--537-- REDIR: 0x4ed9870 (libc.so.6:strcspn) redirected to 0x4a2a6e0 (_vgnU_ifunc_wrapper)
--537-- REDIR: 0x4edafa0 (libc.so.6:strncasecmp) redirected to 0x4a2a6e0 (_vgnU_ifunc_wrapper)
--537-- REDIR: 0x4ed9840 (libc.so.6:strcpy) redirected to 0x4a2a6e0 (_vgnU_ifunc_wrapper)
--537-- REDIR: 0x4edb0e0 (libc.so.6:memcpy@@GLIBC_2.14) redirected to 0x4a2a6e0 (_vgnU_ifunc_wrapper)
--537-- REDIR: 0x4ed9da0 (libc.so.6:strpbrk) redirected to 0x4a2a6e0 (_vgnU_ifunc_wrapper)
--537-- REDIR: 0x4ed97c0 (libc.so.6:index) redirected to 0x4a2a6e0 (_vgnU_ifunc_wrapper)
--537-- REDIR: 0x4ed9c70 (libc.so.6:strlen) redirected to 0x4a2a6e0 (_vgnU_ifunc_wrapper)
--537-- REDIR: 0x4ee46c0 (libc.so.6:memrchr) redirected to 0x4a2a6e0 (_vgnU_ifunc_wrapper)
--537-- REDIR: 0x4edaff0 (libc.so.6:strcasecmp_l) redirected to 0x4a2a6e0 (_vgnU_ifunc_wrapper)
--537-- REDIR: 0x4edabe0 (libc.so.6:memchr) redirected to 0x4a2a6e0 (_vgnU_ifunc_wrapper)
--537-- REDIR: 0x4ef8eb0 (libc.so.6:wcslen) redirected to 0x4a2a6e0 (_vgnU_ifunc_wrapper)
--537-- REDIR: 0x4eda050 (libc.so.6:strspn) redirected to 0x4a2a6e0 (_vgnU_ifunc_wrapper)
--537-- REDIR: 0x4edaf20 (libc.so.6:stpncpy) redirected to 0x4a2a6e0 (_vgnU_ifunc_wrapper)
--537-- REDIR: 0x4edaef0 (libc.so.6:stpcpy) redirected to 0x4a2a6e0 (_vgnU_ifunc_wrapper)
--537-- REDIR: 0x4edc7f0 (libc.so.6:strchrnul) redirected to 0x4a2a6e0 (_vgnU_ifunc_wrapper)
--537-- REDIR: 0x4edb040 (libc.so.6:strncasecmp_l) redirected to 0x4a2a6e0 (_vgnU_ifunc_wrapper)
--537-- REDIR: 0x4fca3c0 (libc.so.6:__strrchr_avx2) redirected to 0x4c32730 (rindex)
--537-- REDIR: 0x4ed3070 (libc.so.6:malloc) redirected to 0x4c2faa0 (malloc)
--537-- REDIR: 0x4eda590 (libc.so.6:__GI_strstr) redirected to 0x4c37760 (__strstr_sse2)
--537-- REDIR: 0x4ed3950 (libc.so.6:free) redirected to 0x4c30cd0 (free)
--537-- REDIR: 0x4fca1d0 (libc.so.6:__strchrnul_avx2) redirected to 0x4c37020 (strchrnul)
--537-- REDIR: 0x4fcaab0 (libc.so.6:__mempcpy_avx_unaligned_erms) redirected to 0x4c37130 (mempcpy)
==537== 
==537== HEAP SUMMARY:
==537==     in use at exit: 0 bytes in 0 blocks
==537==   total heap usage: 10 allocs, 10 frees, 1,744 bytes allocated
==537== 
==537== All heap blocks were freed -- no leaks are possible
==537== 
==537== ERROR SUMMARY: 0 errors from 0 contexts (suppressed: 0 from 0)
==537== ERROR SUMMARY: 0 errors from 0 contexts (suppressed: 0 from 0)
