==21804== Memcheck, a memory error detector
==21804== Copyright (C) 2002-2017, and GNU GPL'd, by Julian Seward et al.
==21804== Using Valgrind-3.14.0-3a3000290b-20181009X and LibVEX; rerun with -h for copyright info
==21804== Command: ./hw17 inputs/test3.txt
==21804== Parent PID: 21803
==21804== 
--21804-- 
--21804-- Valgrind options:
--21804--    --tool=memcheck
--21804--    --verbose
--21804--    --log-file=./valgrind3.log
--21804-- Contents of /proc/version:
--21804--   Linux version 4.19.1-1-MANJARO (builduser@development) (gcc version 8.2.1 20180831 (GCC)) #1 SMP PREEMPT Sun Nov 4 16:05:34 UTC 2018
--21804-- 
--21804-- Arch and hwcaps: AMD64, LittleEndian, amd64-cx16-lzcnt-rdtscp-sse3-avx-avx2-bmi
--21804-- Page sizes: currently 4096, max supported 4096
--21804-- Valgrind library directory: /usr/lib/valgrind
--21804-- Reading syms from /home/benj/Documents/ECE264/Solutions/HW17/hw17
--21804-- Reading syms from /usr/lib/ld-2.28.so
--21804-- Reading syms from /usr/lib/valgrind/memcheck-amd64-linux
--21804--    object doesn't have a dynamic symbol table
--21804-- Scheduler: using generic scheduler lock implementation.
--21804-- Reading suppressions file: /usr/lib/valgrind/default.supp
==21804== embedded gdbserver: reading from /tmp/vgdb-pipe-from-vgdb-to-21804-by-benj-on-???
==21804== embedded gdbserver: writing to   /tmp/vgdb-pipe-to-vgdb-from-21804-by-benj-on-???
==21804== embedded gdbserver: shared mem   /tmp/vgdb-pipe-shared-mem-vgdb-21804-by-benj-on-???
==21804== 
==21804== TO CONTROL THIS PROCESS USING vgdb (which you probably
==21804== don't want to do, unless you know exactly what you're doing,
==21804== or are doing some strange experiment):
==21804==   /usr/lib/valgrind/../../bin/vgdb --pid=21804 ...command...
==21804== 
==21804== TO DEBUG THIS PROCESS USING GDB: start GDB like this
==21804==   /path/to/gdb ./hw17
==21804== and then give GDB the following command
==21804==   target remote | /usr/lib/valgrind/../../bin/vgdb --pid=21804
==21804== --pid is optional if only one valgrind process is running
==21804== 
--21804-- REDIR: 0x401ff20 (ld-linux-x86-64.so.2:strlen) redirected to 0x580c9742 (vgPlain_amd64_linux_REDIR_FOR_strlen)
--21804-- REDIR: 0x401fcf0 (ld-linux-x86-64.so.2:index) redirected to 0x580c975c (vgPlain_amd64_linux_REDIR_FOR_index)
--21804-- Reading syms from /usr/lib/valgrind/vgpreload_core-amd64-linux.so
--21804-- Reading syms from /usr/lib/valgrind/vgpreload_memcheck-amd64-linux.so
==21804== WARNING: new redirection conflicts with existing -- ignoring it
--21804--     old: 0x0401ff20 (strlen              ) R-> (0000.0) 0x580c9742 vgPlain_amd64_linux_REDIR_FOR_strlen
--21804--     new: 0x0401ff20 (strlen              ) R-> (2007.0) 0x0483ad80 strlen
--21804-- REDIR: 0x401c700 (ld-linux-x86-64.so.2:strcmp) redirected to 0x483be40 (strcmp)
--21804-- REDIR: 0x4020480 (ld-linux-x86-64.so.2:mempcpy) redirected to 0x483f860 (mempcpy)
--21804-- Reading syms from /usr/lib/libc-2.28.so
--21804-- REDIR: 0x4904060 (libc.so.6:strchrnul) redirected to 0x482d1c0 (_vgnU_ifunc_wrapper)
--21804-- REDIR: 0x491c800 (libc.so.6:wcslen) redirected to 0x482d1c0 (_vgnU_ifunc_wrapper)
--21804-- REDIR: 0x4908b10 (libc.so.6:memrchr) redirected to 0x482d1c0 (_vgnU_ifunc_wrapper)
--21804-- REDIR: 0x491df90 (libc.so.6:wcsnlen) redirected to 0x482d1c0 (_vgnU_ifunc_wrapper)
--21804-- REDIR: 0x4902b70 (libc.so.6:memcpy@@GLIBC_2.14) redirected to 0x482d1c0 (_vgnU_ifunc_wrapper)
--21804-- REDIR: 0x4902a20 (libc.so.6:strncasecmp) redirected to 0x482d1c0 (_vgnU_ifunc_wrapper)
--21804-- REDIR: 0x49026c0 (libc.so.6:memmove) redirected to 0x482d1c0 (_vgnU_ifunc_wrapper)
==21804== Preferring higher priority redirection:
--21804--     old: 0x049d7c60 (__memcpy_avx_unalign) R-> (2018.0) 0x0483c300 memcpy@@GLIBC_2.14
--21804--     new: 0x049d7c60 (__memcpy_avx_unalign) R-> (2018.1) 0x0483e8a0 memmove
--21804-- REDIR: 0x4901840 (libc.so.6:strncpy) redirected to 0x482d1c0 (_vgnU_ifunc_wrapper)
--21804-- REDIR: 0x49029d0 (libc.so.6:strcasecmp) redirected to 0x482d1c0 (_vgnU_ifunc_wrapper)
--21804-- REDIR: 0x4901210 (libc.so.6:strcat) redirected to 0x482d1c0 (_vgnU_ifunc_wrapper)
--21804-- REDIR: 0x4901880 (libc.so.6:rindex) redirected to 0x482d1c0 (_vgnU_ifunc_wrapper)
--21804-- REDIR: 0x4904030 (libc.so.6:rawmemchr) redirected to 0x482d1c0 (_vgnU_ifunc_wrapper)
--21804-- REDIR: 0x491cca0 (libc.so.6:wmemchr) redirected to 0x482d1c0 (_vgnU_ifunc_wrapper)
--21804-- REDIR: 0x491c700 (libc.so.6:wcscmp) redirected to 0x482d1c0 (_vgnU_ifunc_wrapper)
--21804-- REDIR: 0x4902830 (libc.so.6:mempcpy) redirected to 0x482d1c0 (_vgnU_ifunc_wrapper)
--21804-- REDIR: 0x4902650 (libc.so.6:bcmp) redirected to 0x482d1c0 (_vgnU_ifunc_wrapper)
--21804-- REDIR: 0x49017e0 (libc.so.6:strncmp) redirected to 0x482d1c0 (_vgnU_ifunc_wrapper)
--21804-- REDIR: 0x4901290 (libc.so.6:strcmp) redirected to 0x482d1c0 (_vgnU_ifunc_wrapper)
--21804-- REDIR: 0x4902790 (libc.so.6:memset) redirected to 0x482d1c0 (_vgnU_ifunc_wrapper)
--21804-- REDIR: 0x491c6d0 (libc.so.6:wcschr) redirected to 0x482d1c0 (_vgnU_ifunc_wrapper)
--21804-- REDIR: 0x4901770 (libc.so.6:strnlen) redirected to 0x482d1c0 (_vgnU_ifunc_wrapper)
--21804-- REDIR: 0x4901340 (libc.so.6:strcspn) redirected to 0x482d1c0 (_vgnU_ifunc_wrapper)
--21804-- REDIR: 0x4901300 (libc.so.6:strcpy) redirected to 0x482d1c0 (_vgnU_ifunc_wrapper)
--21804-- REDIR: 0x49018b0 (libc.so.6:strpbrk) redirected to 0x482d1c0 (_vgnU_ifunc_wrapper)
--21804-- REDIR: 0x4901250 (libc.so.6:index) redirected to 0x482d1c0 (_vgnU_ifunc_wrapper)
--21804-- REDIR: 0x4901740 (libc.so.6:strlen) redirected to 0x482d1c0 (_vgnU_ifunc_wrapper)
--21804-- REDIR: 0x4902a70 (libc.so.6:strcasecmp_l) redirected to 0x482d1c0 (_vgnU_ifunc_wrapper)
--21804-- REDIR: 0x4902620 (libc.so.6:memchr) redirected to 0x482d1c0 (_vgnU_ifunc_wrapper)
--21804-- REDIR: 0x4901b70 (libc.so.6:strspn) redirected to 0x482d1c0 (_vgnU_ifunc_wrapper)
--21804-- REDIR: 0x4902990 (libc.so.6:stpncpy) redirected to 0x482d1c0 (_vgnU_ifunc_wrapper)
--21804-- REDIR: 0x4902950 (libc.so.6:stpcpy) redirected to 0x482d1c0 (_vgnU_ifunc_wrapper)
--21804-- REDIR: 0x4902ac0 (libc.so.6:strncasecmp_l) redirected to 0x482d1c0 (_vgnU_ifunc_wrapper)
--21804-- REDIR: 0x49d7530 (libc.so.6:__strrchr_avx2) redirected to 0x483a790 (rindex)
--21804-- REDIR: 0x48fd8d0 (libc.so.6:malloc) redirected to 0x4837710 (malloc)
--21804-- REDIR: 0x49020a0 (libc.so.6:__GI_strstr) redirected to 0x483fac0 (__strstr_sse2)
--21804-- REDIR: 0x48fdf20 (libc.so.6:free) redirected to 0x4838940 (free)
--21804-- REDIR: 0x49d7340 (libc.so.6:__strchrnul_avx2) redirected to 0x483f390 (strchrnul)
--21804-- REDIR: 0x49d7c40 (libc.so.6:__mempcpy_avx_unaligned_erms) redirected to 0x483f4a0 (mempcpy)
==21804== 
==21804== HEAP SUMMARY:
==21804==     in use at exit: 0 bytes in 0 blocks
==21804==   total heap usage: 10 allocs, 10 frees, 8,912 bytes allocated
==21804== 
==21804== All heap blocks were freed -- no leaks are possible
==21804== 
==21804== ERROR SUMMARY: 0 errors from 0 contexts (suppressed: 0 from 0)
==21804== ERROR SUMMARY: 0 errors from 0 contexts (suppressed: 0 from 0)
